d:\university\1_semester\op\lab_10\project1\debug\vc142.pdb
d:\university\1_semester\op\lab_10\project1\debug\vc142.idb
d:\university\1_semester\op\lab_10\project1\debug\lab10.obj
d:\university\1_semester\op\lab_10\project1\debug\functions.obj
d:\university\1_semester\op\lab_10\project1\debug\vc143.pdb
d:\university\1_semester\op\lab_10\project1\debug\vc143.idb
d:\university\2_semester\віпз\lab_10_vipz_edition\project1\debug\vc143.pdb
d:\university\2_semester\віпз\lab_10_vipz_edition\project1\debug\vc143.idb
d:\university\2_semester\віпз\lab_10_vipz_edition\project1\debug\lab10.obj
d:\university\2_semester\віпз\lab_10_vipz_edition\project1\debug\functions.obj
d:\university\1_semester\op\lab_10\project1\debug\project1.exe
d:\university\1_semester\op\lab_10\project1\debug\project1.ilk
d:\university\1_semester\op\lab_10\project1\debug\project1.pdb
d:\university\2_semester\віпз\lab_10_vipz_edition\project1\debug\project1.exe
d:\university\2_semester\віпз\lab_10_vipz_edition\project1\debug\project1.ilk
d:\university\2_semester\віпз\lab_10_vipz_edition\project1\debug\project1.pdb
d:\university\2_semester\віпз\lab_10_vipz_edition\project1\debug\functions.obj.enc
d:\university\2_semester\віпз\lab_10_vipz_edition\project1\debug\vc142.idb
d:\university\2_semester\віпз\lab_10_vipz_edition\project1\debug\vc142.pdb
d:\university\2_semester\віпз\lab_10_vipz_edition\project1\debug\project1.tlog\cl.command.1.tlog
d:\university\2_semester\віпз\lab_10_vipz_edition\project1\debug\project1.tlog\cl.read.1.tlog
d:\university\2_semester\віпз\lab_10_vipz_edition\project1\debug\project1.tlog\cl.write.1.tlog
d:\university\2_semester\віпз\lab_10_vipz_edition\project1\debug\project1.tlog\link.command.1.tlog
d:\university\2_semester\віпз\lab_10_vipz_edition\project1\debug\project1.tlog\link.read.1.tlog
d:\university\2_semester\віпз\lab_10_vipz_edition\project1\debug\project1.tlog\link.write.1.tlog
